
> aklivo@0.1.0 dev
> vite --host 127.0.0.1 --port 5173


  [32m[1mVITE[22m v8.1.2[39m  [2mready in [0m[1m679[22m[2m[0m ms[22m

  [32m➜[39m  [1mLocal[22m:   [36mhttp://127.0.0.1:[1m5173[22m/[39m
[2m٦:٥٧:٥٩ ص[22m [36m[1m[vite][22m[39m [90m[2m(client)[22m[39m [32mhmr update [39m[2m/src/index.css[22m
[2m٦:٥٧:٥٩ ص[22m [36m[1m[vite][22m[39m [90m[2m(client)[22m[39m [32mhmr update [39m[2m/src/App.tsx, /src/components/LocationSidebar.tsx, /src/components/TradeSidebar.tsx, /src/components/FoodCategoryNav.tsx, /src/components/SuggestionButton.tsx, /src/pages/Home.tsx, /src/pages/ForSale.tsx, /src/pages/Chefs.tsx, /src/index.css[22m
[2m٦:٥٨:٢٥ ص[22m [36m[1m[vite][22m[39m [90m[2m(client)[22m[39m [32mhmr update [39m[2m/src/components/LocationSidebar.tsx, /src/index.css[22m
[2m٦:٥٩:٠٨ ص[22m [36m[1m[vite][22m[39m [90m[2m(client)[22m[39m [32mhmr update [39m[2m/src/index.css, /src/components/TradeSidebar.tsx, /src/components/FoodCategoryNav.tsx, /src/components/LocationSidebar.tsx, /src/App.tsx, /src/pages/Home.tsx, /src/components/ProductCard.tsx, /src/components/ChefCard.tsx, /src/pages/ForSale.tsx, /src/pages/Chefs.tsx, /src/pages/Auth.tsx[22m
[2m٦:٥٩:٣٥ ص[22m [36m[1m[vite][22m[39m [90m[2m(client)[22m[39m [32mhmr update [39m[2m/src/index.css, /src/components/ChefCard.tsx[22m
[2m٦:٥٩:٣٦ ص[22m [36m[1m[vite][22m[39m [90m[2m(client)[22m[39m [33mhmr invalidate [39m[2m/src/components/ChefCard.tsx[22m Could not Fast Refresh (new export)
[2m٦:٥٩:٣٦ ص[22m [36m[1m[vite][22m[39m [90m[2m(client)[22m[39m [32mhmr update [39m[2m/src/pages/Home.tsx, /src/pages/Chefs.tsx[22m
[2m٧:٠٠:٠٦ ص[22m [36m[1m[vite][22m[39m [90m[2m(client)[22m[39m [32mhmr update [39m[2m/src/components/LocationSidebar.tsx, /src/index.css[22m
[2m٧:٠٠:٢٧ ص[22m [36m[1m[vite][22m[39m [90m[2m(client)[22m[39m [32mhmr update [39m[2m/src/components/FoodCategoryNav.tsx, /src/index.css[22m
[2m٧:٠٠:٢٧ ص[22m [36m[1m[vite][22m[39m [90m[2m(client)[22m[39m [32mhmr update [39m[2m/src/components/TradeSidebar.tsx, /src/index.css[22m
[2m٧:٠٠:٥٦ ص[22m [36m[1m[vite][22m[39m [90m[2m(client)[22m[39m [32mhmr update [39m[2m/src/index.css[22m
[2m٧:٠١:١٦ ص[22m [36m[1m[vite][22m[39m [90m[2m(client)[22m[39m [32mhmr update [39m[2m/src/index.css[22m
[2m٧:٠١:٣٩ ص[22m [36m[1m[vite][22m[39m [90m[2m(client)[22m[39m [32mhmr update [39m[2m/src/components/EgyptianFoodBackground.tsx, /src/index.css[22m
[2m٧:٠١:٣٩ ص[22m [36m[1m[vite][22m[39m [90m[2m(client)[22m[39m [32mhmr update [39m[2m/src/index.css[22m
[2m٧:٠١:٣٩ ص[22m [36m[1m[vite][22m[39m [90m[2m(client)[22m[39m [32mhmr update [39m[2m/node_modules/@fontsource/cairo/latin-400.css, /node_modules/@fontsource/cairo/latin-700.css, /node_modules/@fontsource/cairo/arabic-400.css, /node_modules/@fontsource/cairo/latin-500.css, /node_modules/@fontsource/cairo/arabic-700.css, /node_modules/@fontsource/cairo/latin-800.css, /node_modules/@fontsource/cairo/arabic-800.css, /node_modules/@fontsource/cairo/latin-600.css, /node_modules/@fontsource/cairo/arabic-500.css, /node_modules/@fontsource/cairo/arabic-600.css, /src/index.css[22m
[2m٧:٠٢:٠٣ ص[22m [36m[1m[vite][22m[39m [90m[2m(client)[22m[39m [32mhmr update [39m[2m/src/components/LocationSidebar.tsx, /src/index.css[22m
[2m٧:٠٢:٢١ ص[22m [36m[1m[vite][22m[39m [90m[2m(client)[22m[39m [32mhmr update [39m[2m/src/components/LocationSidebar.tsx, /src/index.css[22m
[2m٧:٠٦:٠٩ ص[22m [36m[1m[vite][22m[39m [90m[2m(client)[22m[39m [32mhmr update [39m[2m/src/index.css[22m
[2m٧:٠٦:٠٩ ص[22m [36m[1m[vite][22m[39m [90m[2m(client)[22m[39m [32mhmr update [39m[2m/src/index.css[22m
[2m٧:٠٦:٠٩ ص[22m [36m[1m[vite][22m[39m [90m[2m(client)[22m[39m [32mhmr update [39m[2m/src/components/LocationSidebar.tsx, /src/index.css[22m
[2m٧:٠٦:٤١ ص[22m [36m[1m[vite][22m[39m [90m[2m(client)[22m[39m [32mhmr update [39m[2m/src/components/LocationSidebar.tsx, /src/index.css[22m
[2m٧:١٦:٣٨ ص[22m [36m[1m[vite][22m[39m [90m[2m(client)[22m[39m [32mhmr update [39m[2m/src/components/EgyptianFoodBackground.tsx, /src/index.css[22m
[2m٧:١٦:٣٨ ص[22m [36m[1m[vite][22m[39m [90m[2m(client)[22m[39m [32mhmr update [39m[2m/src/index.css[22m
[2m٧:١٦:٣٨ ص[22m [36m[1m[vite][22m[39m [90m[2m(client)[22m[39m [32mhmr update [39m[2m/node_modules/@fontsource/cairo/latin-400.css, /node_modules/@fontsource/cairo/latin-700.css, /node_modules/@fontsource/cairo/arabic-400.css, /node_modules/@fontsource/cairo/latin-500.css, /node_modules/@fontsource/cairo/arabic-700.css, /node_modules/@fontsource/cairo/latin-800.css, /node_modules/@fontsource/cairo/arabic-800.css, /node_modules/@fontsource/cairo/latin-600.css, /node_modules/@fontsource/cairo/arabic-500.css, /node_modules/@fontsource/cairo/arabic-600.css, /src/index.css[22m
[2m٧:١٧:١٩ ص[22m [36m[1m[vite][22m[39m [90m[2m(client)[22m[39m [32mhmr update [39m[2m/src/components/TradeSidebar.tsx, /src/index.css[22m
[2m٧:١٧:٥٥ ص[22m [36m[1m[vite][22m[39m [90m[2m(client)[22m[39m [32mhmr update [39m[2m/src/pages/Search.tsx, /src/index.css[22m
[2m٧:١٧:٥٥ ص[22m [36m[1m[vite][22m[39m [90m[2m(client)[22m[39m [32mhmr update [39m[2m/src/pages/Chefs.tsx, /src/index.css[22m
[2m٧:١٨:١٧ ص[22m [36m[1m[vite][22m[39m [90m[2m(client)[22m[39m [32mhmr update [39m[2m/src/pages/ForSale.tsx, /src/index.css[22m
[2m٧:١٨:٣٠ ص[22m [36m[1m[vite][22m[39m [90m[2m(client)[22m[39m [32mhmr update [39m[2m/src/index.css, /src/components/ChefCard.tsx[22m
[2m٧:١٨:٣٠ ص[22m [36m[1m[vite][22m[39m [90m[2m(client)[22m[39m [32mhmr update [39m[2m/src/index.css, /src/components/ProductCard.tsx[22m
[2m٧:١٨:٣٠ ص[22m [36m[1m[vite][22m[39m [90m[2m(client)[22m[39m [33mhmr invalidate [39m[2m/src/components/ChefCard.tsx[22m Could not Fast Refresh ("formatArabicTime" export is incompatible). Learn more at https://github.com/vitejs/vite-plugin-react/tree/main/packages/plugin-react#consistent-components-exports
[2m٧:١٨:٣٠ ص[22m [36m[1m[vite][22m[39m [90m[2m(client)[22m[39m [32mhmr update [39m[2m/src/pages/Home.tsx, /src/pages/Chefs.tsx, /src/pages/Search.tsx[22m
[2m٧:٢٥:٠٠ ص[22m [36m[1m[vite][22m[39m [90m[2m(client)[22m[39m [32mhmr update [39m[2m/src/App.tsx, /src/index.css[22m
[2m٧:٢٥:٠٠ ص[22m [36m[1m[vite][22m[39m [90m[2m(client)[22m[39m [32mhmr update [39m[2m/src/components/EgyptianFoodBackground.tsx, /src/index.css[22m
[2m٧:٢٥:٠٠ ص[22m [36m[1m[vite][22m[39m [90m[2m(client)[22m[39m [32mhmr update [39m[2m/src/index.css[22m
[2m٧:٢٥:١٨ ص[22m [36m[1m[vite][22m[39m [90m[2m(client)[22m[39m [32mhmr update [39m[2m/src/pages/Auth.tsx, /src/index.css[22m
[2m٧:٢٦:٢٥ ص[22m [36m[1m[vite][22m[39m [90m[2m(client)[22m[39m [32mpage reload [39m[2mandroid/app/src/main/assets/public/index.html[22m
[2m٧:٢٦:٣١ ص[22m [36m[1m[vite][22m[39m [90m[2m(client)[22m[39m [32mpage reload [39m[2mios/App/App/public/index.html[22m
[2m٧:٢٦:٥٧ ص[22m [36m[1m[vite][22m[39m [90m[2m(client)[22m[39m [32mpage reload [39m[2mios/App/App/public/index.html[22m
[2m٧:٢٦:٥٧ ص[22m [36m[1m[vite][22m[39m [90m[2m(client)[22m[39m [32mpage reload [39m[2mandroid/app/src/main/assets/public/index.html[22m
[2m٧:٢٦:٥٧ ص[22m [36m[1m[vite][22m[39m [90m[2m(client)[22m[39m [32mpage reload [39m[2mios/App/App/public/index.html[22m
[2m٧:٢٦:٥٧ ص[22m [36m[1m[vite][22m[39m [90m[2m(client)[22m[39m [32mpage reload [39m[2mandroid/app/src/main/assets/public/index.html[22m
[2m٧:٣٥:٢٨ ص[22m [36m[1m[vite][22m[39m [90m[2m(client)[22m[39m [32mpage reload [39m[2mios/App/App/public/index.html[22m
[2m٧:٣٥:٢٨ ص[22m [36m[1m[vite][22m[39m [90m[2m(client)[22m[39m [32mpage reload [39m[2mios/App/App/public/index.html[22m
[2m٧:٣٧:٥٩ ص[22m [36m[1m[vite][22m[39m [90m[2m(client)[22m[39m [32mpage reload [39m[2mandroid/app/build/intermediates/assets/debug/mergeDebugAssets/public/index.html[22m
[2m٧:٤٠:٤٣ ص[22m [36m[1m[vite][22m[39m [90m[2m(client)[22m[39m [32mpage reload [39m[2mandroid/build/reports/problems/problems-report.html[22m
[2m٧:٤٣:٤١ ص[22m [36m[1m[vite][22m[39m [90m[2m(client)[22m[39m [32mpage reload [39m[2mandroid/app/build/intermediates/assets/release/mergeReleaseAssets/public/index.html[22m
[2m٧:٤٤:٣٣ ص[22m [36m[1m[vite][22m[39m [90m[2m(client)[22m[39m [32mpage reload [39m[2mandroid/build/reports/problems/problems-report.html[22m
